<?xml version="1.0" encoding="UTF-8"?>
<testng-results ignored="0" total="2" passed="2" failed="0" skipped="0">
  <reporter-output>
  </reporter-output>
  <suite started-at="2024-01-09T11:06:07 EST" name="Suite1" finished-at="2024-01-09T11:06:20 EST" duration-ms="12934">
    <groups>
    </groups>
    <test started-at="2024-01-09T11:06:07 EST" name="TestNG Demo" finished-at="2024-01-09T11:06:20 EST" duration-ms="12934">
      <class name="com.example.Selenium_TestNGDemo.TestNG_Demo">
        <test-method is-config="true" signature="setUp()[pri:0, instance:com.example.Selenium_TestNGDemo.TestNG_Demo@449a4f23]" started-at="2024-01-09T11:06:07 EST" name="setUp" finished-at="2024-01-09T11:06:13 EST" duration-ms="5886" status="PASS">
          <reporter-output>
          </reporter-output>
        </test-method> <!-- setUp -->
        <test-method signature="verifyLoginPageTitle()[pri:0, instance:com.example.Selenium_TestNGDemo.TestNG_Demo@449a4f23]" started-at="2024-01-09T11:06:13 EST" name="verifyLoginPageTitle" description="This test validates title of login functionality" finished-at="2024-01-09T11:06:14 EST" duration-ms="1273" status="PASS">
          <reporter-output>
          </reporter-output>
        </test-method> <!-- verifyLoginPageTitle -->
        <test-method is-config="true" signature="teardown()[pri:0, instance:com.example.Selenium_TestNGDemo.TestNG_Demo@449a4f23]" started-at="2024-01-09T11:06:14 EST" name="teardown" finished-at="2024-01-09T11:06:14 EST" duration-ms="240" status="PASS">
          <reporter-output>
          </reporter-output>
        </test-method> <!-- teardown -->
        <test-method is-config="true" signature="setUp()[pri:0, instance:com.example.Selenium_TestNGDemo.TestNG_Demo@449a4f23]" started-at="2024-01-09T11:06:14 EST" name="setUp" finished-at="2024-01-09T11:06:16 EST" duration-ms="1732" status="PASS">
          <reporter-output>
          </reporter-output>
        </test-method> <!-- setUp -->
        <test-method signature="verifyloginPage()[pri:1, instance:com.example.Selenium_TestNGDemo.TestNG_Demo@449a4f23]" started-at="2024-01-09T11:06:16 EST" name="verifyloginPage" description="This test validates  successful login to Home page" finished-at="2024-01-09T11:06:20 EST" duration-ms="3599" status="PASS">
          <reporter-output>
          </reporter-output>
        </test-method> <!-- verifyloginPage -->
        <test-method is-config="true" signature="teardown()[pri:0, instance:com.example.Selenium_TestNGDemo.TestNG_Demo@449a4f23]" started-at="2024-01-09T11:06:20 EST" name="teardown" finished-at="2024-01-09T11:06:20 EST" duration-ms="154" status="PASS">
          <reporter-output>
          </reporter-output>
        </test-method> <!-- teardown -->
      </class> <!-- com.example.Selenium_TestNGDemo.TestNG_Demo -->
    </test> <!-- TestNG Demo -->
  </suite> <!-- Suite1 -->
</testng-results>
